<?xml version="1.0" encoding="utf-8"?><testsuites name="pytest tests"><testsuite name="pytest" errors="0" failures="0" skipped="0" tests="12" time="2.251" timestamp="2026-05-19T16:13:03.738170+00:00" hostname="agent-env-e73bfd8b-d878-46dc-8a5a-9fef48279896"><testcase classname="backend.tests.test_karma_api" name="test_root" time="0.396" /><testcase classname="backend.tests.test_karma_api" name="test_analyze_too_short" time="0.065" /><testcase classname="backend.tests.test_karma_api" name="test_analyze_valid" time="0.069" /><testcase classname="backend.tests.test_karma_api" name="test_get_certificate" time="0.239" /><testcase classname="backend.tests.test_karma_api" name="test_get_certificate_404" time="0.075" /><testcase classname="backend.tests.test_karma_api" name="test_checkout_invalid_tier" time="0.066" /><testcase classname="backend.tests.test_karma_api" name="test_checkout_cert_not_found" time="0.065" /><testcase classname="backend.tests.test_karma_api" name="test_checkout_standard" time="0.773" /><testcase classname="backend.tests.test_karma_api" name="test_delivery_schedule" time="0.095" /><testcase classname="backend.tests.test_karma_api" name="test_delivery_invalid_email" time="0.084" /><testcase classname="backend.tests.test_karma_api" name="test_delivery_invalid_hours" time="0.065" /><testcase classname="backend.tests.test_karma_api" name="test_delivery_cert_not_found" time="0.069" /></testsuite></testsuites>